[debug] [2022-10-13T05:21:14.216Z] ----------------------------------------------------------------------
[debug] [2022-10-13T05:21:14.219Z] Command:       C:\Program Files\nodejs\node.exe C:\Program Files\nodejs\node_modules\firebase-tools\lib\bin\firebase.js init
[debug] [2022-10-13T05:21:14.219Z] CLI Version:   11.14.2
[debug] [2022-10-13T05:21:14.219Z] Platform:      win32
[debug] [2022-10-13T05:21:14.219Z] Node Version:  v14.20.1
[debug] [2022-10-13T05:21:14.220Z] Time:          Thu Oct 13 2022 11:21:14 GMT+0600 (Bangladesh Standard Time)
[debug] [2022-10-13T05:21:14.221Z] ----------------------------------------------------------------------
[debug] 
[debug] [2022-10-13T05:21:14.229Z] > command requires scopes: ["email","openid","https://www.googleapis.com/auth/cloudplatformprojects.readonly","https://www.googleapis.com/auth/firebase","https://www.googleapis.com/auth/cloud-platform"]
[debug] [2022-10-13T05:21:14.229Z] > authorizing via signed-in user (borhanahmedhimel@gmail.com)
[info] 
     ######## #### ########  ######## ########     ###     ######  ########
     ##        ##  ##     ## ##       ##     ##  ##   ##  ##       ##
     ######    ##  ########  ######   ########  #########  ######  ######
     ##        ##  ##    ##  ##       ##     ## ##     ##       ## ##
     ##       #### ##     ## ######## ########  ##     ##  ######  ########

You're about to initialize a Firebase project in this directory:

  H:\client\robertwangca\my-app

[info] 
=== Project Setup
[info] 
[info] First, let's associate this project directory with a Firebase project.
[info] You can create multiple project aliases by running firebase use --add, 
[info] but for now we'll just set up a default project.
[info] 
[debug] [2022-10-13T05:21:21.359Z] >>> [apiv2][query] GET https://firebase.googleapis.com/v1beta1/projects pageSize=100
[debug] [2022-10-13T05:21:22.151Z] <<< [apiv2][status] GET https://firebase.googleapis.com/v1beta1/projects 200
[debug] [2022-10-13T05:21:22.151Z] <<< [apiv2][body] GET https://firebase.googleapis.com/v1beta1/projects [omitted]
[info] i  Using project karaoke-lounge (KARAOKE Lounge) 
[info] 
=== Hosting Setup
[info] 
[info] Your public directory is the folder (relative to your project directory) that
[info] will contain Hosting assets to be uploaded with firebase deploy. If you
[info] have a build process for your assets, use your build's output directory.
[info] 
[info] +  Wrote build/404.html 
[debug] [2022-10-13T05:21:47.806Z] >>> [apiv2][query] GET https://www.gstatic.com/firebasejs/releases.json [none]
[debug] [2022-10-13T05:21:48.022Z] <<< [apiv2][status] GET https://www.gstatic.com/firebasejs/releases.json 200
[debug] [2022-10-13T05:21:48.023Z] <<< [apiv2][body] GET https://www.gstatic.com/firebasejs/releases.json {"current":{"version":"9.12.1","browserURL":"https://www.gstatic.com/firebasejs/9.12.1/firebase.js","packageURL":"https://www.gstatic.com/firebasejs/9.12.1/firebase.tgz"},"live":{"version":"9.12","browserURL":"https://www.gstatic.com/firebasejs/live/9.12/firebase.js","packageURL":"https://www.gstatic.com/firebasejs/live/9.12/firebase.tgz"},"components":{"analytics":"https://www.gstatic.com/firebasejs/9.12.1/firebase-analytics.js","app":"https://www.gstatic.com/firebasejs/9.12.1/firebase-app.js","app-check":"https://www.gstatic.com/firebasejs/9.12.1/firebase-app-check.js","auth":"https://www.gstatic.com/firebasejs/9.12.1/firebase-auth.js","auth/cordova":"https://www.gstatic.com/firebasejs/9.12.1/firebase-auth/cordova.js","auth/react-native":"https://www.gstatic.com/firebasejs/9.12.1/firebase-auth/react-native.js","functions":"https://www.gstatic.com/firebasejs/9.12.1/firebase-functions.js","firestore":"https://www.gstatic.com/firebasejs/9.12.1/firebase-firestore.js","firestore/lite":"https://www.gstatic.com/firebasejs/9.12.1/firebase-firestore/lite.js","installations":"https://www.gstatic.com/firebasejs/9.12.1/firebase-installations.js","storage":"https://www.gstatic.com/firebasejs/9.12.1/firebase-storage.js","performance":"https://www.gstatic.com/firebasejs/9.12.1/firebase-performance.js","remote-config":"https://www.gstatic.com/firebasejs/9.12.1/firebase-remote-config.js","messaging":"https://www.gstatic.com/firebasejs/9.12.1/firebase-messaging.js","messaging/sw":"https://www.gstatic.com/firebasejs/9.12.1/firebase-messaging/sw.js","database":"https://www.gstatic.com/firebasejs/9.12.1/firebase-database.js","firestore.memory":"https://www.gstatic.com/firebasejs/9.12.1/firebase-firestore.memory.js"}}
[info] +  Wrote build/index.html 
[info] 
[info] i  Detected a .git folder at H:\client\robertwangca\my-app 
[info] i  Authorizing with GitHub to upload your service account to a GitHub repository's secrets store. 
[info] 
[info] Visit this URL on this device to log in:
[info] https://github.com/login/oauth/authorize?client_id=89cf50f02ac6aaed3484&state=312586995&redirect_uri=http%3A%2F%2Flocalhost%3A9005&scope=read%3Auser%20repo%20public_repo
[info] 
[info] Waiting for authentication...
[debug] [2022-10-13T05:21:49.163Z] >>> [apiv2][query] POST https://github.com/login/oauth/access_token [none]
[debug] [2022-10-13T05:21:49.163Z] >>> [apiv2][body] POST https://github.com/login/oauth/access_token [stream]
[debug] [2022-10-13T05:21:49.735Z] <<< [apiv2][status] POST https://github.com/login/oauth/access_token 200
[debug] [2022-10-13T05:21:49.735Z] <<< [apiv2][body] POST https://github.com/login/oauth/access_token {"access_token":"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","token_type":"bearer","scope":"read:user,repo"}
[debug] [2022-10-13T05:21:49.741Z] >>> [apiv2][query] GET https://api.github.com/user [none]
[debug] [2022-10-13T05:21:50.463Z] <<< [apiv2][status] GET https://api.github.com/user 200
[debug] [2022-10-13T05:21:50.463Z] <<< [apiv2][body] GET https://api.github.com/user {"login":"himel8","id":86623387,"node_id":"MDQ6VXNlcjg2NjIzMzg3","avatar_url":"https://avatars.githubusercontent.com/u/86623387?v=4","gravatar_id":"","url":"https://api.github.com/users/himel8","html_url":"https://github.com/himel8","followers_url":"https://api.github.com/users/himel8/followers","following_url":"https://api.github.com/users/himel8/following{/other_user}","gists_url":"https://api.github.com/users/himel8/gists{/gist_id}","starred_url":"https://api.github.com/users/himel8/starred{/owner}{/repo}","subscriptions_url":"https://api.github.com/users/himel8/subscriptions","organizations_url":"https://api.github.com/users/himel8/orgs","repos_url":"https://api.github.com/users/himel8/repos","events_url":"https://api.github.com/users/himel8/events{/privacy}","received_events_url":"https://api.github.com/users/himel8/received_events","type":"User","site_admin":false,"name":"Borhan Ahmed Himel","company":null,"blog":"https://my-portfolio-90553.web.app/","location":"Dhaka, Bangladesh","email":null,"hireable":null,"bio":"I'm Web developer || React || MERN stack developer","twitter_username":null,"public_repos":47,"public_gists":0,"followers":1,"following":1,"created_at":"2021-06-28T17:58:36Z","updated_at":"2022-09-22T02:07:12Z","private_gists":0,"total_private_repos":5,"owned_private_repos":5,"disk_usage":174304,"collaborators":1,"two_factor_authentication":false,"plan":{"name":"free","space":976562499,"collaborators":0,"private_repos":10000}}
[info] 
[info] +  Success! Logged into GitHub as himel8 
[info] 
